<?xml version="1.0" encoding="UTF-8"?>
<testng-results skipped="0" failed="0" total="1" passed="1">
  <reporter-output>
  </reporter-output>
  <suite name="Default suite" duration-ms="2846" started-at="2019-10-30T04:49:00Z" finished-at="2019-10-30T04:49:03Z">
    <groups>
    </groups>
    <test name="Default test" duration-ms="2846" started-at="2019-10-30T04:49:00Z" finished-at="2019-10-30T04:49:03Z">
      <class name="com.selenium.WriteExcelData">
        <test-method status="PASS" signature="main()[pri:0, instance:com.selenium.WriteExcelData@13a57a3b]" name="main" duration-ms="2770" started-at="2019-10-30T10:19:00Z" finished-at="2019-10-30T10:19:03Z">
          <reporter-output>
          </reporter-output>
        </test-method> <!-- main -->
      </class> <!-- com.selenium.WriteExcelData -->
    </test> <!-- Default test -->
  </suite> <!-- Default suite -->
</testng-results>
