<?xml version="1.0" encoding="UTF-8"?>
<testng-results skipped="1" failed="0" total="1" passed="0">
  <reporter-output>
  </reporter-output>
  <suite name="Default suite" duration-ms="48" started-at="2019-11-18T06:03:30Z" finished-at="2019-11-18T06:03:30Z">
    <groups>
    </groups>
    <test name="Default test" duration-ms="48" started-at="2019-11-18T06:03:30Z" finished-at="2019-11-18T06:03:30Z">
      <class name="com.selenium.TC_101">
        <test-method status="FAIL" signature="setUp(java.lang.String)[pri:0, instance:com.selenium.TC_101@337d0578]" name="setUp" is-config="true" duration-ms="0" started-at="2019-11-18T11:33:30Z" finished-at="2019-11-18T11:33:30Z">
          <exception class="org.testng.TestNGException">
            <message>
              <![CDATA[
Parameter 'browser' is required by @Configuration on method setUp but has not been marked @Optional or defined
in C:\Users\mohan123\AppData\Local\Temp\testng-eclipse-153971496\testng-customsuite.xml]]>
            </message>
            <full-stacktrace>
              <![CDATA[org.testng.TestNGException: 
Parameter 'browser' is required by @Configuration on method setUp but has not been marked @Optional or defined
in C:\Users\mohan123\AppData\Local\Temp\testng-eclipse-153971496\testng-customsuite.xml
	at org.testng.internal.Parameters.createParameters(Parameters.java:155)
	at org.testng.internal.Parameters.createParameters(Parameters.java:355)
	at org.testng.internal.Parameters.createConfigurationParameters(Parameters.java:86)
	at org.testng.internal.Invoker.invokeConfigurations(Invoker.java:199)
	at org.testng.internal.Invoker.invokeMethod(Invoker.java:653)
	at org.testng.internal.Invoker.invokeTestMethod(Invoker.java:901)
	at org.testng.internal.Invoker.invokeTestMethods(Invoker.java:1231)
	at org.testng.internal.TestMethodWorker.invokeTestMethods(TestMethodWorker.java:127)
	at org.testng.internal.TestMethodWorker.run(TestMethodWorker.java:111)
	at org.testng.TestRunner.privateRun(TestRunner.java:767)
	at org.testng.TestRunner.run(TestRunner.java:617)
	at org.testng.SuiteRunner.runTest(SuiteRunner.java:334)
	at org.testng.SuiteRunner.runSequentially(SuiteRunner.java:329)
	at org.testng.SuiteRunner.privateRun(SuiteRunner.java:291)
	at org.testng.SuiteRunner.run(SuiteRunner.java:240)
	at org.testng.SuiteRunnerWorker.runSuite(SuiteRunnerWorker.java:52)
	at org.testng.SuiteRunnerWorker.run(SuiteRunnerWorker.java:86)
	at org.testng.TestNG.runSuitesSequentially(TestNG.java:1198)
	at org.testng.TestNG.runSuitesLocally(TestNG.java:1123)
	at org.testng.TestNG.run(TestNG.java:1031)
	at org.testng.remote.AbstractRemoteTestNG.run(AbstractRemoteTestNG.java:115)
	at org.testng.remote.RemoteTestNG.initAndRun(RemoteTestNG.java:251)
	at org.testng.remote.RemoteTestNG.main(RemoteTestNG.java:77)
]]>
            </full-stacktrace>
          </exception> <!-- org.testng.TestNGException -->
          <reporter-output>
          </reporter-output>
        </test-method> <!-- setUp -->
        <test-method status="SKIP" signature="openFF()[pri:0, instance:com.selenium.TC_101@337d0578]" name="openFF" duration-ms="7" started-at="2019-11-18T11:33:30Z" finished-at="2019-11-18T11:33:30Z">
          <reporter-output>
          </reporter-output>
        </test-method> <!-- openFF -->
        <test-method status="SKIP" signature="tearDown()[pri:0, instance:com.selenium.TC_101@337d0578]" name="tearDown" is-config="true" duration-ms="0" started-at="2019-11-18T11:33:30Z" finished-at="2019-11-18T11:33:30Z">
          <reporter-output>
          </reporter-output>
        </test-method> <!-- tearDown -->
      </class> <!-- com.selenium.TC_101 -->
    </test> <!-- Default test -->
  </suite> <!-- Default suite -->
</testng-results>
